<?xml version="1.0" encoding="UTF-8"?>
<testsuite name="RemoteControlCarTest" tests="3" skipped="0" failures="0" errors="0" timestamp="2023-03-06T17:24:25" hostname="Kayleighs-Air" time="0.041">
  <properties/>
  <testcase name="ensureCarsAreComparable" classname="RemoteControlCarTest" time="0.034"/>
  <testcase name="race" classname="RemoteControlCarTest" time="0.007"/>
  <testcase name="rankCars" classname="RemoteControlCarTest" time="0.0"/>
  <system-out><![CDATA[]]></system-out>
  <system-err><![CDATA[]]></system-err>
</testsuite>
